


ARM Macro Assembler    Page 1 


    1 00000000         
    2 00000000                 EXPORT           PendSV_Handler
    3 00000000                 EXPORT           SVC_Handler
    4 00000000         ; EXPORT    OS_Delay_Funcion
    5 00000000         
    6 00000000                 IMPORT           SVC_Handler_Cpp
    7 00000000                 IMPORT           curr_task
    8 00000000                 IMPORT           next_task
    9 00000000                 IMPORT           PSP_array
   10 00000000                 IMPORT           delay_falg
   11 00000000                 IMPORT           os_null_flag
   12 00000000                 IMPORT           PSP_OS
   13 00000000         
   14 00000000                 PRESERVE8
   15 00000000                 AREA             |.text|, CODE, READONLY
   16 00000000                 THUMB
   17 00000000         PendSV_Handler
   18 00000000         
   19 00000000 F3EF 8009       MRS              R0,PSP      ;// Get current pro
                                                            cess stack pointer 
                                                            value
   20 00000004 4920            LDR              R1,=curr_task
   21 00000006         ;LDR R2,[R2] ;// Get current task ID
   22 00000006         
   23 00000006         ;test for delay flag
   24 00000006 4A21            LDR              R2,=delay_falg
   25 00000008 6813            LDR              R3,[R2]
   26 0000000A F013 0F01       TST              R3,#1
   27 0000000E D10A            BNE              Load
   28 00000010         
   29 00000010         ;test for null task
   30 00000010 4A1F            LDR              R2,=os_null_flag
   31 00000012 6813            LDR              R3,[R2]
   32 00000014 F013 0F01       TST              R3,#1
   33 00000018 D113            BNE              Load_null_task
   34 0000001A         
   35 0000001A         ;save now retur status
   36 0000001A 4B1E            LDR              R3,=PSP_array
   37 0000001C E920 0FF0       STMDB            R0!,{R4-R11} ;// Save R4 to R11
                                                             in task stack (8 r
                                                            egs)
   38 00000020 680A            LDR              R2,[R1]
   39 00000022 F843 0022       STR              R0,[R3, R2, LSL #2] ; // Save P
                                                            SP value into PSP_a
                                                            rray
   40 00000026         Load
   41 00000026         ;clear delay_flag
   42 00000026 F04F 0400       MOV              R4,#0
   43 0000002A 6014            STR              R4,[R2]
   44 0000002C         
   45 0000002C         ;Load next contexfdss
   46 0000002C 4C1A            LDR              R4,=next_task
   47 0000002E 6824            LDR              R4,[R4]
   48 00000030 600C            STR              R4,[R1]
   49 00000032         ;TR R4,[R1] ;// Set curr_task = next_task
   50 00000032 4B18            LDR              R3,=PSP_array
   51 00000034 F853 0024       LDR              R0,[R3, R4, LSL #2] ;// Load PS
                                                            P value from PSP_ar
                                                            ray



ARM Macro Assembler    Page 2 


   52 00000038 E8B0 0FF0       LDMIA            R0!,{R4-R11} ;// Load R4 to R11
                                                             from task stack (8
                                                             regs)
   53 0000003C F380 8809       MSR              PSP, R0     ;// Set PSP to next
                                                             task
   54 00000040 4770            BX               LR          ;// Return
   55 00000042         Load_null_task
   56 00000042         ;clear os_null_falg
   57 00000042 F04F 0400       MOV              R4,#0
   58 00000046 6014            STR              R4,[R2]
   59 00000048         ;go to null task
   60 00000048 4814            LDR              R0,=PSP_OS
   61 0000004A 6800            LDR              R0,[R0]
   62 0000004C E8B0 0FF0       LDMIA            R0!,{R4-R11}
   63 00000050 F380 8809       MSR              PSP,R0
   64 00000054 4770            BX               LR
   65 00000056 00 00           ALIGN            4
   66 00000058         
   67 00000058         SVC_Handler
   68 00000058 4B0C            LDR              R3,=delay_falg
   69 0000005A 681B            LDR              R3,[R3]
   70 0000005C F013 0F01       TST              R3,#1
   71 00000060 D108            BNE              OS_Delay_L
   72 00000062         
   73 00000062         ;read now sp poinnter what is use
   74 00000062 F01E 0F04       TST              LR,#4
   75 00000066 BF0C            ITE              EQ
   76 00000068 F3EF 8008       MRSEQ            R0,MSP
   77 0000006C F3EF 8009       MRSNE            R0,PSP
   78 00000070         ;read svc number
   79 00000070         ;LDR   R2,[R2,#24]
   80 00000070         ;LDRB  R0,[R0,#-2]
   81 00000070         ;go to svc interrupt C language program part
   82 00000070 490B            LDR              R1,=SVC_Handler_Cpp
   83 00000072 4708            BX               R1
   84 00000074         OS_Delay_L
   85 00000074         ;SAVE R4-R11
   86 00000074 F3EF 8009       MRS              R0,PSP
   87 00000078 E920 0FF0       STMDB            R0!,{R4-R11}
   88 0000007C         ;SAVE PSP
   89 0000007C 4902            LDR              R1,=curr_task
   90 0000007E 6809            LDR              R1,[R1]
   91 00000080 4A04            LDR              R2,=PSP_array
   92 00000082 F842 0021       STR              R0,[R2,R1,LSL #2]
   93 00000086         ;CLEAR DELAY_FLAG
   94 00000086 4770            BX               LR
   95 00000088                 ALIGN            4
   96 00000088                 END
              00000000 
              00000000 
              00000000 
              00000000 
              00000000 
              00000000 
              00000000 
Command Line: --debug --xref --diag_suppress=9931 --cpu=Cortex-M4.fp --apcs=int
erwork --depend=..\mdk_output\os_kernel.d -o..\mdk_output\os_kernel.o -ID:\1.st
m32_code\stm32_f407\RemyOS_github\MDK-PRO\RTE -IC:\Keil_v5\ARM\PACK\Keil\STM32F
4xx_DFP\1.0.8\Device\Include -IC:\Keil_v5\ARM\CMSIS\Include --predefine="__UVIS



ARM Macro Assembler    Page 3 


ION_VERSION SETA 520" --predefine="STM32F40_41xxx SETA 1" --list=.\listings\os_
kernel.lst ..\user_src\os_kernel.asm



ARM Macro Assembler    Page 1 Alphabetic symbol ordering
Relocatable symbols

.text 00000000

Symbol: .text
   Definitions
      At line 15 in file ..\user_src\os_kernel.asm
   Uses
      None
Comment: .text unused
Load 00000026

Symbol: Load
   Definitions
      At line 40 in file ..\user_src\os_kernel.asm
   Uses
      At line 27 in file ..\user_src\os_kernel.asm
Comment: Load used once
Load_null_task 00000042

Symbol: Load_null_task
   Definitions
      At line 55 in file ..\user_src\os_kernel.asm
   Uses
      At line 33 in file ..\user_src\os_kernel.asm
Comment: Load_null_task used once
OS_Delay_L 00000074

Symbol: OS_Delay_L
   Definitions
      At line 84 in file ..\user_src\os_kernel.asm
   Uses
      At line 71 in file ..\user_src\os_kernel.asm
Comment: OS_Delay_L used once
PendSV_Handler 00000000

Symbol: PendSV_Handler
   Definitions
      At line 17 in file ..\user_src\os_kernel.asm
   Uses
      At line 2 in file ..\user_src\os_kernel.asm
Comment: PendSV_Handler used once
SVC_Handler 00000058

Symbol: SVC_Handler
   Definitions
      At line 67 in file ..\user_src\os_kernel.asm
   Uses
      At line 3 in file ..\user_src\os_kernel.asm
Comment: SVC_Handler used once
6 symbols



ARM Macro Assembler    Page 1 Alphabetic symbol ordering
External symbols

PSP_OS 00000000

Symbol: PSP_OS
   Definitions
      At line 12 in file ..\user_src\os_kernel.asm
   Uses
      At line 60 in file ..\user_src\os_kernel.asm
Comment: PSP_OS used once
PSP_array 00000000

Symbol: PSP_array
   Definitions
      At line 9 in file ..\user_src\os_kernel.asm
   Uses
      At line 36 in file ..\user_src\os_kernel.asm
      At line 50 in file ..\user_src\os_kernel.asm
      At line 91 in file ..\user_src\os_kernel.asm

SVC_Handler_Cpp 00000000

Symbol: SVC_Handler_Cpp
   Definitions
      At line 6 in file ..\user_src\os_kernel.asm
   Uses
      At line 82 in file ..\user_src\os_kernel.asm
Comment: SVC_Handler_Cpp used once
curr_task 00000000

Symbol: curr_task
   Definitions
      At line 7 in file ..\user_src\os_kernel.asm
   Uses
      At line 20 in file ..\user_src\os_kernel.asm
      At line 89 in file ..\user_src\os_kernel.asm

delay_falg 00000000

Symbol: delay_falg
   Definitions
      At line 10 in file ..\user_src\os_kernel.asm
   Uses
      At line 24 in file ..\user_src\os_kernel.asm
      At line 68 in file ..\user_src\os_kernel.asm

next_task 00000000

Symbol: next_task
   Definitions
      At line 8 in file ..\user_src\os_kernel.asm
   Uses
      At line 46 in file ..\user_src\os_kernel.asm
Comment: next_task used once
os_null_flag 00000000

Symbol: os_null_flag
   Definitions
      At line 11 in file ..\user_src\os_kernel.asm
   Uses
      At line 30 in file ..\user_src\os_kernel.asm



ARM Macro Assembler    Page 2 Alphabetic symbol ordering
External symbols

Comment: os_null_flag used once
7 symbols
348 symbols in table
